
> @student_scheduler/nextjs@0.1.0 build /home/ellie/github/student_scheduler/packages/nextjs
> next build

   ▲ Next.js 14.0.4
   - Environments: .env

   Creating an optimized production build ...
 ✓ Compiled successfully
   Linting and checking validity of types ...

 ⚠ The Next.js plugin was not detected in your ESLint configuration. See https://nextjs.org/docs/basic-features/eslint#migrating-existing-config

Failed to compile.

./src/app/api/class/roster/[id]/route.ts
2:10  Error: 'getRosterByClassroom' is defined but never used.  @typescript-eslint/no-unused-vars

./src/app/api/class/roster/route.ts
2:10  Error: 'getAllRosters' is defined but never used.  @typescript-eslint/no-unused-vars
5:27  Error: 'req' is defined but never used.  @typescript-eslint/no-unused-vars

./src/app/api/class/route.ts
2:10  Error: 'getAllClasses' is defined but never used.  @typescript-eslint/no-unused-vars
5:27  Error: 'req' is defined but never used.  @typescript-eslint/no-unused-vars

./src/app/api/ic/classes/route.ts
2:22  Error: 'classRosters' is defined but never used.  @typescript-eslint/no-unused-vars
8:28  Error: 'request' is defined but never used.  @typescript-eslint/no-unused-vars

./src/app/api/ic/classes/students/route.ts
14:27  Error: 'request' is defined but never used.  @typescript-eslint/no-unused-vars

./src/app/api/test/route.ts
2:10  Error: 'db' is defined but never used.  @typescript-eslint/no-unused-vars
2:14  Error: 'classrooms' is defined but never used.  @typescript-eslint/no-unused-vars
3:10  Error: 'getToken' is defined but never used.  @typescript-eslint/no-unused-vars
6:27  Error: 'req' is defined but never used.  @typescript-eslint/no-unused-vars

./src/app/layout.tsx
4:10  Error: 'AuthProvider' is defined but never used.  @typescript-eslint/no-unused-vars
5:16  Error: 'signIn' is defined but never used.  @typescript-eslint/no-unused-vars

./src/app/page.tsx
1:8  Error: 'Image' is defined but never used.  @typescript-eslint/no-unused-vars
3:10  Error: 'auth' is defined but never used.  @typescript-eslint/no-unused-vars

./src/components/ui/navigation/sidebar.tsx
2:8  Error: 'Link' is defined but never used.  @typescript-eslint/no-unused-vars

./src/env.js
26:25  Error: 'process' is not defined.  no-undef
27:26  Error: 'process' is not defined.  no-undef
28:30  Error: 'process' is not defined.  no-undef
29:26  Error: 'process' is not defined.  no-undef
30:17  Error: 'process' is not defined.  no-undef
31:20  Error: 'process' is not defined.  no-undef
32:21  Error: 'process' is not defined.  no-undef
33:23  Error: 'process' is not defined.  no-undef
34:29  Error: 'process' is not defined.  no-undef
35:29  Error: 'process' is not defined.  no-undef
38:7  Error: 'process' is not defined.  no-undef
39:7  Error: 'process' is not defined.  no-undef
40:5  Error: 'process' is not defined.  no-undef

./src/functions/actions/auth/getSession.ts
5:10  Error: 'Session' is defined but never used.  @typescript-eslint/no-unused-vars

./src/functions/queries/index.ts
7:14  Error: 'like' is defined but never used.  @typescript-eslint/no-unused-vars
7:20  Error: 'not' is defined but never used.  @typescript-eslint/no-unused-vars
7:25  Error: 'or' is defined but never used.  @typescript-eslint/no-unused-vars
7:29  Error: 'and' is defined but never used.  @typescript-eslint/no-unused-vars
8:10  Error: 'classrooms' is defined but never used.  @typescript-eslint/no-unused-vars

./src/lib/auth.ts
2:10  Error: 'DrizzleAdapter' is defined but never used.  @typescript-eslint/no-unused-vars
4:10  Error: 'PgTable' is defined but never used.  @typescript-eslint/no-unused-vars
6:3  Error: 'getServerSession' is defined but never used.  @typescript-eslint/no-unused-vars
10:3  Error: 'User' is defined but never used.  @typescript-eslint/no-unused-vars
46:7  Error: Include a description after the "@ts-expect-error" directive to explain why the @ts-expect-error is necessary. The description must be 3 characters or longer.  @typescript-eslint/ban-ts-comment

./src/lib/db/adapter.ts
1:33  Error: 'sessions' is defined but never used.  @typescript-eslint/no-unused-vars
1:43  Error: 'verificationTokens' is defined but never used.  @typescript-eslint/no-unused-vars
7:26  Error: 'AdapterSession' is defined but never used.  @typescript-eslint/no-unused-vars

./src/lib/db/index.ts
5:1  Error: ES2015 module syntax is preferred over namespaces.  @typescript-eslint/no-namespace

./src/lib/db/schema.ts
4:3  Error: 'pgTableCreator' is defined but never used.  @typescript-eslint/no-unused-vars
9:3  Error: 'AnyPgColumn' is defined but never used.  @typescript-eslint/no-unused-vars
12:3  Error: 'uniqueIndex' is defined but never used.  @typescript-eslint/no-unused-vars
13:3  Error: 'index' is defined but never used.  @typescript-eslint/no-unused-vars
41:55  Error: 'many' is defined but never used.  @typescript-eslint/no-unused-vars
106:6  Error: 'one' is defined but never used.  @typescript-eslint/no-unused-vars

./src/lib/utils.ts
1:39  Error: Replace `"clsx"` with `'clsx';`  prettier/prettier
2:25  Error: Replace `"tailwind-merge"` with `'tailwind-merge';`  prettier/prettier
3:1  Error: Delete `·`  prettier/prettier
5:31  Error: Insert `;`  prettier/prettier

./src/middleware.ts
11:34  Error: 'req' is defined but never used.  @typescript-eslint/no-unused-vars

./src/utils/context/themeProvider.tsx
7:9  Error: 'router' is assigned a value but never used.  @typescript-eslint/no-unused-vars

info  - Need to disable some ESLint rules? Learn more here: https://nextjs.org/docs/basic-features/eslint#disabling-rules
 ELIFECYCLE  Command failed with exit code 1.
